0 info it worked if it ends with ok
1 verbose cli [ '/usr/bin/node', '/usr/bin/npm', 'install', '-g', 'phonegap' ]
2 info using npm@1.3.11
3 info using node@v0.10.19
4 verbose node symlink /usr/bin/node
5 verbose cache add [ 'phonegap', null ]
6 verbose cache add name=undefined spec="phonegap" args=["phonegap",null]
7 verbose parsed url { protocol: null,
7 verbose parsed url   slashes: null,
7 verbose parsed url   auth: null,
7 verbose parsed url   host: null,
7 verbose parsed url   port: null,
7 verbose parsed url   hostname: null,
7 verbose parsed url   hash: null,
7 verbose parsed url   search: null,
7 verbose parsed url   query: null,
7 verbose parsed url   pathname: 'phonegap',
7 verbose parsed url   path: 'phonegap',
7 verbose parsed url   href: 'phonegap' }
8 silly lockFile 10db903f-phonegap phonegap
9 verbose lock phonegap /home/ppantz/.npm/10db903f-phonegap.lock
10 silly lockFile 10db903f-phonegap phonegap
11 silly lockFile 10db903f-phonegap phonegap
12 verbose addNamed [ 'phonegap', '' ]
13 verbose addNamed [ null, '*' ]
14 silly lockFile 3a6257f3-phonegap phonegap@
15 verbose lock phonegap@ /home/ppantz/.npm/3a6257f3-phonegap.lock
16 silly addNameRange { name: 'phonegap', range: '*', hasData: false }
17 verbose url raw phonegap
18 verbose url resolving [ 'https://registry.npmjs.org/', './phonegap' ]
19 verbose url resolved https://registry.npmjs.org/phonegap
20 info trying registry request attempt 1 at 13:53:22
21 verbose etag "8XDV2HOJWL7V4RYGH0E75DETS"
22 http GET https://registry.npmjs.org/phonegap
23 http 200 https://registry.npmjs.org/phonegap
24 silly registry.get cb [ 200,
24 silly registry.get   { date: 'Wed, 22 Jan 2014 18:53:16 GMT',
24 silly registry.get     server: 'CouchDB/1.5.0 (Erlang OTP/R15B03)',
24 silly registry.get     etag: '"8OSHPNTICCRO9TWDGUW87HVXH"',
24 silly registry.get     'content-type': 'application/json',
24 silly registry.get     'content-length': '103407',
24 silly registry.get     'accept-ranges': 'bytes',
24 silly registry.get     via: '1.1 varnish',
24 silly registry.get     age: '0',
24 silly registry.get     'x-served-by': 'cache-jfk1035-JFK',
24 silly registry.get     'x-cache': 'MISS',
24 silly registry.get     'x-cache-hits': '0',
24 silly registry.get     'x-timer': 'S1390416796.813086748,VS0,VE182',
24 silly registry.get     vary: 'Accept',
24 silly registry.get     'keep-alive': 'timeout=10, max=50',
24 silly registry.get     connection: 'Keep-Alive' } ]
25 silly addNameRange number 2 { name: 'phonegap', range: '*', hasData: true }
26 silly addNameRange versions [ 'phonegap',
26 silly addNameRange   [ '0.2.0',
26 silly addNameRange     '0.2.1',
26 silly addNameRange     '0.2.2',
26 silly addNameRange     '0.3.0',
26 silly addNameRange     '0.4.0',
26 silly addNameRange     '0.4.1',
26 silly addNameRange     '0.5.0',
26 silly addNameRange     '0.6.0',
26 silly addNameRange     '0.6.1',
26 silly addNameRange     '0.7.0',
26 silly addNameRange     '0.7.1',
26 silly addNameRange     '0.7.2',
26 silly addNameRange     '0.7.3',
26 silly addNameRange     '0.7.4',
26 silly addNameRange     '0.7.5',
26 silly addNameRange     '0.7.6',
26 silly addNameRange     '0.7.7',
26 silly addNameRange     '0.7.8',
26 silly addNameRange     '0.8.0',
26 silly addNameRange     '0.8.1',
26 silly addNameRange     '0.9.0',
26 silly addNameRange     '0.9.1',
26 silly addNameRange     '0.9.2',
26 silly addNameRange     '0.9.3',
26 silly addNameRange     '0.9.4',
26 silly addNameRange     '2.8.0-0.10.0',
26 silly addNameRange     '2.8.0-0.10.1',
26 silly addNameRange     '2.8.0-0.10.2',
26 silly addNameRange     '2.8.0-0.10.3',
26 silly addNameRange     '2.8.0-0.10.4',
26 silly addNameRange     '2.8.0-0.10.6',
26 silly addNameRange     '2.8.1-0.11.0',
26 silly addNameRange     '2.9.0-0.12.2',
26 silly addNameRange     '2.9.0-0.12.3',
26 silly addNameRange     '2.9.0-0.12.4',
26 silly addNameRange     '2.9.0-0.12.5',
26 silly addNameRange     '2.9.0-0.12.6',
26 silly addNameRange     '2.9.0-0.12.7',
26 silly addNameRange     '2.9.0-0.12.8',
26 silly addNameRange     '2.9.0-rc1-0.12.0',
26 silly addNameRange     '2.9.0-rc1-0.12.1',
26 silly addNameRange     '2.9.0-rc1-0.12.2',
26 silly addNameRange     '2.9.0-0.12.9',
26 silly addNameRange     '2.9.0-0.12.10',
26 silly addNameRange     '2.9.0-0.12.11',
26 silly addNameRange     '2.9.0-0.13.0',
26 silly addNameRange     '2.9.0-0.13.1',
26 silly addNameRange     '2.9.0-0.13.2',
26 silly addNameRange     '3.0.0-rc1-0.13.2',
26 silly addNameRange     '3.0.0-rc1-0.13.3',
26 silly addNameRange     '3.0.0-0.14.0',
26 silly addNameRange     '3.0.0-0.14.1',
26 silly addNameRange     '3.0.0-0.14.2',
26 silly addNameRange     '3.0.0-0.14.3',
26 silly addNameRange     '3.0.0-0.14.4',
26 silly addNameRange     '3.1.0-0.15.0',
26 silly addNameRange     '3.2.0-0.15.0',
26 silly addNameRange     '3.2.0-0.16.0',
26 silly addNameRange     '3.2.0-0.17.0',
26 silly addNameRange     '3.2.0-0.17.1',
26 silly addNameRange     '3.3.0-0.17.1',
26 silly addNameRange     '3.3.0-0.18.0',
26 silly addNameRange     '3.3.0-0.18.1' ] ]
27 verbose addNamed [ 'phonegap', '3.3.0-0.18.1' ]
28 verbose addNamed [ '3.3.0-0.18.1', '3.3.0-0.18.1' ]
29 silly lockFile 7b908eb2-phonegap-3-3-0-0-18-1 phonegap@3.3.0-0.18.1
30 verbose lock phonegap@3.3.0-0.18.1 /home/ppantz/.npm/7b908eb2-phonegap-3-3-0-0-18-1.lock
31 silly lockFile adc17e3e-onegap-phonegap-3-3-0-0-18-1-tgz https://registry.npmjs.org/phonegap/-/phonegap-3.3.0-0.18.1.tgz
32 verbose lock https://registry.npmjs.org/phonegap/-/phonegap-3.3.0-0.18.1.tgz /home/ppantz/.npm/adc17e3e-onegap-phonegap-3-3-0-0-18-1-tgz.lock
33 verbose addRemoteTarball [ 'https://registry.npmjs.org/phonegap/-/phonegap-3.3.0-0.18.1.tgz',
33 verbose addRemoteTarball   '05f4527d2897650dc56413c59e2c44a175546ebb' ]
34 info retry fetch attempt 1 at 13:53:23
35 verbose fetch to= /home/ppantz/tmp/npm-64492-HyZqc4pQ/1390416803366-0.5419838407542557/tmp.tgz
36 http GET https://registry.npmjs.org/phonegap/-/phonegap-3.3.0-0.18.1.tgz
37 http 200 https://registry.npmjs.org/phonegap/-/phonegap-3.3.0-0.18.1.tgz
38 verbose tar unpack /home/ppantz/tmp/npm-64492-HyZqc4pQ/1390416803366-0.5419838407542557/tmp.tgz
39 silly lockFile 55c08ff5-03366-0-5419838407542557-package tar:///home/ppantz/tmp/npm-64492-HyZqc4pQ/1390416803366-0.5419838407542557/package
40 verbose lock tar:///home/ppantz/tmp/npm-64492-HyZqc4pQ/1390416803366-0.5419838407542557/package /home/ppantz/.npm/55c08ff5-03366-0-5419838407542557-package.lock
41 silly lockFile 1bf63e68-03366-0-5419838407542557-tmp-tgz tar:///home/ppantz/tmp/npm-64492-HyZqc4pQ/1390416803366-0.5419838407542557/tmp.tgz
42 verbose lock tar:///home/ppantz/tmp/npm-64492-HyZqc4pQ/1390416803366-0.5419838407542557/tmp.tgz /home/ppantz/.npm/1bf63e68-03366-0-5419838407542557-tmp-tgz.lock
43 silly gunzTarPerm modes [ '755', '644' ]
44 silly gunzTarPerm extractEntry package.json
45 silly gunzTarPerm extractEntry .npmignore
46 silly gunzTarPerm extractEntry README.md
47 silly gunzTarPerm extractEntry LICENSE
48 silly gunzTarPerm extractEntry COPYRIGHT
49 silly gunzTarPerm extractEntry NOTICE
50 silly gunzTarPerm extractEntry .travis.yml
51 silly gunzTarPerm extractEntry bin/phonegap.js
52 silly gunzTarPerm extractEntry doc/cli/help.platform.txt
53 silly gunzTarPerm extractEntry doc/cli/help.build.txt
54 silly gunzTarPerm extractEntry doc/cli/help.install.txt
55 silly gunzTarPerm extractEntry doc/cli/help.local.build.txt
56 silly gunzTarPerm extractEntry doc/cli/help.local.install.txt
57 silly gunzTarPerm extractEntry doc/cli/help.local.plugin.add.txt
58 silly gunzTarPerm extractEntry doc/cli/help.local.plugin.list.txt
59 silly gunzTarPerm extractEntry doc/cli/help.local.plugin.remove.txt
60 silly gunzTarPerm extractEntry doc/cli/help.local.plugin.txt
61 silly gunzTarPerm extractEntry doc/cli/help.local.run.txt
62 silly gunzTarPerm extractEntry doc/cli/help.local.txt
63 silly gunzTarPerm extractEntry doc/cli/help.create.txt
64 silly gunzTarPerm extractEntry doc/cli/help.platform.update.txt
65 silly gunzTarPerm extractEntry doc/cli/help.remote.build.txt
66 silly gunzTarPerm extractEntry doc/cli/help.remote.install.txt
67 silly gunzTarPerm extractEntry doc/cli/help.remote.login.txt
68 silly gunzTarPerm extractEntry doc/cli/help.remote.logout.txt
69 silly gunzTarPerm extractEntry doc/cli/help.remote.run.txt
70 silly gunzTarPerm extractEntry doc/cli/help.remote.txt
71 silly gunzTarPerm extractEntry doc/cli/help.run.txt
72 silly gunzTarPerm extractEntry doc/cli/help.serve.txt
73 silly gunzTarPerm extractEntry doc/cli/help.txt
74 silly gunzTarPerm extractEntry lib/cli.js
75 silly gunzTarPerm extractEntry lib/main.js
76 silly gunzTarPerm extractEntry lib/phonegap.js
77 silly gunzTarPerm extractEntry lib/cli/argv.js
78 silly gunzTarPerm extractEntry lib/cli/local.plugin.remove.js
79 silly gunzTarPerm extractEntry lib/cli/local.run.js
80 silly gunzTarPerm extractEntry lib/cli/platform.js
81 silly gunzTarPerm extractEntry lib/cli/local.plugin.list.js
82 silly gunzTarPerm extractEntry lib/cli/build.js
83 silly gunzTarPerm extractEntry lib/cli/plugin.js
84 silly gunzTarPerm extractEntry lib/cli/plugin.list.js
85 silly gunzTarPerm extractEntry lib/cli/plugin.remove.js
86 silly gunzTarPerm extractEntry lib/cli/remote.build.js
87 silly gunzTarPerm extractEntry lib/cli/local.plugin.js
88 silly gunzTarPerm extractEntry lib/cli/remote.install.js
89 silly gunzTarPerm extractEntry lib/cli/local.plugin.add.js
90 silly gunzTarPerm extractEntry lib/cli/remote.js
91 silly gunzTarPerm extractEntry lib/cli/local.js
92 silly gunzTarPerm extractEntry lib/cli/remote.login.js
93 silly gunzTarPerm extractEntry lib/cli/local.install.js
94 silly gunzTarPerm extractEntry lib/cli/remote.logout.js
95 silly gunzTarPerm extractEntry lib/cli/local.build.js
96 silly gunzTarPerm extractEntry lib/cli/remote.run.js
97 silly gunzTarPerm extractEntry lib/cli/install.js
98 silly gunzTarPerm extractEntry lib/cli/run.js
99 silly gunzTarPerm extractEntry lib/cli/help.js
100 silly gunzTarPerm extractEntry lib/cli/serve.js
101 silly gunzTarPerm extractEntry lib/cli/create.js
102 silly gunzTarPerm extractEntry lib/cli/unknown.js
103 silly gunzTarPerm extractEntry lib/cli/platform.update.js
104 silly gunzTarPerm extractEntry lib/cli/version.js
105 silly gunzTarPerm extractEntry lib/cli/plugin.add.js
106 silly gunzTarPerm extractEntry lib/cli/util/console.js
107 silly gunzTarPerm extractEntry lib/common/config.js
108 silly gunzTarPerm extractEntry lib/common/config/global.js
109 silly gunzTarPerm extractEntry lib/common/config/local.js
110 silly gunzTarPerm extractEntry lib/phonegap/build.js
111 silly gunzTarPerm extractEntry lib/phonegap/local.plugin.list.js
112 silly gunzTarPerm extractEntry lib/phonegap/local.plugin.remove.js
113 silly gunzTarPerm extractEntry lib/phonegap/local.run.js
114 silly gunzTarPerm extractEntry lib/phonegap/local.plugin.add.js
115 silly gunzTarPerm extractEntry lib/phonegap/create.js
116 silly gunzTarPerm extractEntry lib/phonegap/remote.build.js
117 silly gunzTarPerm extractEntry lib/phonegap/remote.install.js
118 silly gunzTarPerm extractEntry lib/phonegap/remote.login.js
119 silly gunzTarPerm extractEntry lib/phonegap/remote.logout.js
120 silly gunzTarPerm extractEntry lib/phonegap/local.install.js
121 silly gunzTarPerm extractEntry lib/phonegap/remote.run.js
122 silly gunzTarPerm extractEntry lib/phonegap/local.build.js
123 silly gunzTarPerm extractEntry lib/phonegap/run.js
124 silly gunzTarPerm extractEntry lib/phonegap/install.js
125 silly gunzTarPerm extractEntry lib/phonegap/serve.js
126 silly gunzTarPerm extractEntry lib/phonegap/mode.js
127 silly gunzTarPerm extractEntry lib/phonegap/version.js
128 silly gunzTarPerm extractEntry lib/phonegap/platform.update.js
129 silly gunzTarPerm extractEntry lib/phonegap/util/command.js
130 silly gunzTarPerm extractEntry lib/phonegap/util/phonegap-build.js
131 silly gunzTarPerm extractEntry lib/phonegap/util/platform.js
132 silly gunzTarPerm extractEntry lib/phonegap/util/project.js
133 silly gunzTarPerm extractEntry CONTRIBUTING.md
134 silly gunzTarPerm extractEntry spec/cli.spec.js
135 silly gunzTarPerm extractEntry spec/main.spec.js
136 silly gunzTarPerm extractEntry spec/phonegap.spec.js
137 silly gunzTarPerm extractEntry spec/cli/app.spec.js
138 silly gunzTarPerm extractEntry spec/cli/local.run.spec.js
139 silly gunzTarPerm extractEntry spec/cli/local.spec.js
140 silly gunzTarPerm extractEntry spec/cli/platform.spec.js
141 silly gunzTarPerm extractEntry spec/cli/platform.update.spec.js
142 silly gunzTarPerm extractEntry spec/cli/local.plugin.spec.js
143 silly gunzTarPerm extractEntry spec/cli/plugin.list.spec.js
144 silly gunzTarPerm extractEntry spec/cli/plugin.remove.spec.js
145 silly gunzTarPerm extractEntry spec/cli/plugin.spec.js
146 silly gunzTarPerm extractEntry spec/cli/remote.build.spec.js
147 silly gunzTarPerm extractEntry spec/cli/remote.install.spec.js
148 silly gunzTarPerm extractEntry spec/cli/local.plugin.remove.spec.js
149 silly gunzTarPerm extractEntry spec/cli/remote.login.spec.js
150 silly gunzTarPerm extractEntry spec/cli/local.plugin.list.spec.js
151 silly gunzTarPerm extractEntry spec/cli/remote.logout.spec.js
152 silly gunzTarPerm extractEntry spec/cli/local.plugin.add.spec.js
153 silly gunzTarPerm extractEntry spec/cli/remote.run.spec.js
154 silly gunzTarPerm extractEntry spec/cli/local.install.spec.js
155 silly gunzTarPerm extractEntry spec/cli/remote.spec.js
156 silly gunzTarPerm extractEntry spec/cli/local.build.spec.js
157 silly gunzTarPerm extractEntry spec/cli/run.spec.js
158 silly gunzTarPerm extractEntry spec/cli/install.spec.js
159 silly gunzTarPerm extractEntry spec/cli/serve.spec.js
160 silly gunzTarPerm extractEntry spec/cli/help.spec.js
161 silly gunzTarPerm extractEntry spec/cli/unknown.spec.js
162 silly gunzTarPerm extractEntry spec/cli/create.spec.js
163 silly gunzTarPerm extractEntry spec/cli/verbose.spec.js
164 silly gunzTarPerm extractEntry spec/cli/build.spec.js
165 silly gunzTarPerm extractEntry spec/cli/version.spec.js
166 silly gunzTarPerm extractEntry spec/cli/plugin.add.spec.js
167 silly gunzTarPerm extractEntry spec/common/config/global.spec.js
168 silly gunzTarPerm extractEntry spec/common/config/local.spec.js
169 silly gunzTarPerm extractEntry spec/phonegap/app.spec.js
170 silly gunzTarPerm extractEntry spec/phonegap/local.plugin.remove.spec.js
171 silly gunzTarPerm extractEntry spec/phonegap/local.run.spec.js
172 silly gunzTarPerm extractEntry spec/phonegap/mode.spec.js
173 silly gunzTarPerm extractEntry spec/phonegap/local.plugin.list.spec.js
174 silly gunzTarPerm extractEntry spec/phonegap/build.spec.js
175 silly gunzTarPerm extractEntry spec/phonegap/plugin.list.spec.js
176 silly gunzTarPerm extractEntry spec/phonegap/plugin.remove.spec.js
177 silly gunzTarPerm extractEntry spec/phonegap/remote.build.spec.js
178 silly gunzTarPerm extractEntry spec/phonegap/remote.install.spec.js
179 silly gunzTarPerm extractEntry spec/phonegap/local.plugin.add.spec.js
180 silly gunzTarPerm extractEntry spec/phonegap/remote.login.spec.js
181 silly gunzTarPerm extractEntry spec/phonegap/local.install.spec.js
182 silly gunzTarPerm extractEntry spec/phonegap/remote.logout.spec.js
183 silly gunzTarPerm extractEntry spec/phonegap/local.build.spec.js
184 silly gunzTarPerm extractEntry spec/phonegap/remote.run.spec.js
185 silly gunzTarPerm extractEntry spec/phonegap/install.spec.js
186 silly gunzTarPerm extractEntry spec/phonegap/run.spec.js
187 silly gunzTarPerm extractEntry spec/phonegap/create.spec.js
188 silly gunzTarPerm extractEntry spec/phonegap/serve.spec.js
189 silly gunzTarPerm extractEntry spec/phonegap/platform.update.spec.js
190 silly gunzTarPerm extractEntry spec/phonegap/version.spec.js
191 silly gunzTarPerm extractEntry spec/phonegap/plugin.add.spec.js
192 silly gunzTarPerm extractEntry spec/phonegap/util/platform.spec.js
193 silly gunzTarPerm extractEntry spec/phonegap/util/project.spec.js
194 silly lockFile 55c08ff5-03366-0-5419838407542557-package tar:///home/ppantz/tmp/npm-64492-HyZqc4pQ/1390416803366-0.5419838407542557/package
195 silly lockFile 55c08ff5-03366-0-5419838407542557-package tar:///home/ppantz/tmp/npm-64492-HyZqc4pQ/1390416803366-0.5419838407542557/package
196 silly lockFile 1bf63e68-03366-0-5419838407542557-tmp-tgz tar:///home/ppantz/tmp/npm-64492-HyZqc4pQ/1390416803366-0.5419838407542557/tmp.tgz
197 silly lockFile 1bf63e68-03366-0-5419838407542557-tmp-tgz tar:///home/ppantz/tmp/npm-64492-HyZqc4pQ/1390416803366-0.5419838407542557/tmp.tgz
198 verbose tar pack [ '/home/ppantz/.npm/phonegap/3.3.0-0.18.1/package.tgz',
198 verbose tar pack   '/home/ppantz/tmp/npm-64492-HyZqc4pQ/1390416803366-0.5419838407542557/package' ]
199 verbose tarball /home/ppantz/.npm/phonegap/3.3.0-0.18.1/package.tgz
200 verbose folder /home/ppantz/tmp/npm-64492-HyZqc4pQ/1390416803366-0.5419838407542557/package
201 silly lockFile 55c08ff5-03366-0-5419838407542557-package tar:///home/ppantz/tmp/npm-64492-HyZqc4pQ/1390416803366-0.5419838407542557/package
202 verbose lock tar:///home/ppantz/tmp/npm-64492-HyZqc4pQ/1390416803366-0.5419838407542557/package /home/ppantz/.npm/55c08ff5-03366-0-5419838407542557-package.lock
203 silly lockFile 09faf3f1-honegap-3-3-0-0-18-1-package-tgz tar:///home/ppantz/.npm/phonegap/3.3.0-0.18.1/package.tgz
204 verbose lock tar:///home/ppantz/.npm/phonegap/3.3.0-0.18.1/package.tgz /home/ppantz/.npm/09faf3f1-honegap-3-3-0-0-18-1-package-tgz.lock
205 silly lockFile 55c08ff5-03366-0-5419838407542557-package tar:///home/ppantz/tmp/npm-64492-HyZqc4pQ/1390416803366-0.5419838407542557/package
206 silly lockFile 55c08ff5-03366-0-5419838407542557-package tar:///home/ppantz/tmp/npm-64492-HyZqc4pQ/1390416803366-0.5419838407542557/package
207 silly lockFile 09faf3f1-honegap-3-3-0-0-18-1-package-tgz tar:///home/ppantz/.npm/phonegap/3.3.0-0.18.1/package.tgz
208 silly lockFile 09faf3f1-honegap-3-3-0-0-18-1-package-tgz tar:///home/ppantz/.npm/phonegap/3.3.0-0.18.1/package.tgz
209 silly lockFile d11c0034-pm-phonegap-3-3-0-0-18-1-package /home/ppantz/.npm/phonegap/3.3.0-0.18.1/package
210 verbose lock /home/ppantz/.npm/phonegap/3.3.0-0.18.1/package /home/ppantz/.npm/d11c0034-pm-phonegap-3-3-0-0-18-1-package.lock
211 silly lockFile d11c0034-pm-phonegap-3-3-0-0-18-1-package /home/ppantz/.npm/phonegap/3.3.0-0.18.1/package
212 silly lockFile d11c0034-pm-phonegap-3-3-0-0-18-1-package /home/ppantz/.npm/phonegap/3.3.0-0.18.1/package
213 verbose tar unpack /home/ppantz/.npm/phonegap/3.3.0-0.18.1/package.tgz
214 silly lockFile 748bacd7-pm-phonegap-3-3-0-0-18-1-package tar:///home/ppantz/.npm/phonegap/3.3.0-0.18.1/package
215 verbose lock tar:///home/ppantz/.npm/phonegap/3.3.0-0.18.1/package /home/ppantz/.npm/748bacd7-pm-phonegap-3-3-0-0-18-1-package.lock
216 silly lockFile 09faf3f1-honegap-3-3-0-0-18-1-package-tgz tar:///home/ppantz/.npm/phonegap/3.3.0-0.18.1/package.tgz
217 verbose lock tar:///home/ppantz/.npm/phonegap/3.3.0-0.18.1/package.tgz /home/ppantz/.npm/09faf3f1-honegap-3-3-0-0-18-1-package-tgz.lock
218 silly gunzTarPerm modes [ '755', '644' ]
219 silly gunzTarPerm extractEntry package.json
220 silly gunzTarPerm extractEntry .npmignore
221 silly gunzTarPerm extractEntry README.md
222 silly gunzTarPerm extractEntry LICENSE
223 silly gunzTarPerm extractEntry COPYRIGHT
224 silly gunzTarPerm extractEntry NOTICE
225 silly gunzTarPerm extractEntry .travis.yml
226 silly gunzTarPerm extractEntry bin/phonegap.js
227 silly gunzTarPerm extractEntry doc/cli/help.platform.txt
228 silly gunzTarPerm extractEntry doc/cli/help.build.txt
229 silly gunzTarPerm extractEntry doc/cli/help.install.txt
230 silly gunzTarPerm extractEntry doc/cli/help.local.build.txt
231 silly gunzTarPerm extractEntry doc/cli/help.local.install.txt
232 silly gunzTarPerm extractEntry doc/cli/help.local.plugin.add.txt
233 silly gunzTarPerm extractEntry doc/cli/help.local.plugin.list.txt
234 silly gunzTarPerm extractEntry doc/cli/help.local.plugin.remove.txt
235 silly gunzTarPerm extractEntry doc/cli/help.local.plugin.txt
236 silly gunzTarPerm extractEntry doc/cli/help.local.run.txt
237 silly gunzTarPerm extractEntry doc/cli/help.local.txt
238 silly gunzTarPerm extractEntry doc/cli/help.create.txt
239 silly gunzTarPerm extractEntry doc/cli/help.platform.update.txt
240 silly gunzTarPerm extractEntry doc/cli/help.remote.build.txt
241 silly gunzTarPerm extractEntry doc/cli/help.remote.install.txt
242 silly gunzTarPerm extractEntry doc/cli/help.remote.login.txt
243 silly gunzTarPerm extractEntry doc/cli/help.remote.logout.txt
244 silly gunzTarPerm extractEntry doc/cli/help.remote.run.txt
245 silly gunzTarPerm extractEntry doc/cli/help.remote.txt
246 silly gunzTarPerm extractEntry doc/cli/help.run.txt
247 silly gunzTarPerm extractEntry doc/cli/help.serve.txt
248 silly gunzTarPerm extractEntry doc/cli/help.txt
249 silly gunzTarPerm extractEntry lib/cli.js
250 silly gunzTarPerm extractEntry lib/main.js
251 silly gunzTarPerm extractEntry lib/phonegap.js
252 silly gunzTarPerm extractEntry lib/cli/argv.js
253 silly gunzTarPerm extractEntry lib/cli/local.plugin.remove.js
254 silly gunzTarPerm extractEntry lib/cli/local.run.js
255 silly gunzTarPerm extractEntry lib/cli/platform.js
256 silly gunzTarPerm extractEntry lib/cli/local.plugin.list.js
257 silly gunzTarPerm extractEntry lib/cli/build.js
258 silly gunzTarPerm extractEntry lib/cli/plugin.js
259 silly gunzTarPerm extractEntry lib/cli/plugin.list.js
260 silly gunzTarPerm extractEntry lib/cli/plugin.remove.js
261 silly gunzTarPerm extractEntry lib/cli/remote.build.js
262 silly gunzTarPerm extractEntry lib/cli/local.plugin.js
263 silly gunzTarPerm extractEntry lib/cli/remote.install.js
264 silly gunzTarPerm extractEntry lib/cli/local.plugin.add.js
265 silly gunzTarPerm extractEntry lib/cli/remote.js
266 silly gunzTarPerm extractEntry lib/cli/local.js
267 silly gunzTarPerm extractEntry lib/cli/remote.login.js
268 silly gunzTarPerm extractEntry lib/cli/local.install.js
269 silly gunzTarPerm extractEntry lib/cli/remote.logout.js
270 silly gunzTarPerm extractEntry lib/cli/local.build.js
271 silly gunzTarPerm extractEntry lib/cli/remote.run.js
272 silly gunzTarPerm extractEntry lib/cli/install.js
273 silly gunzTarPerm extractEntry lib/cli/run.js
274 silly gunzTarPerm extractEntry lib/cli/help.js
275 silly gunzTarPerm extractEntry lib/cli/serve.js
276 silly gunzTarPerm extractEntry lib/cli/create.js
277 silly gunzTarPerm extractEntry lib/cli/unknown.js
278 silly gunzTarPerm extractEntry lib/cli/platform.update.js
279 silly gunzTarPerm extractEntry lib/cli/version.js
280 silly gunzTarPerm extractEntry lib/cli/plugin.add.js
281 silly gunzTarPerm extractEntry lib/cli/util/console.js
282 silly gunzTarPerm extractEntry lib/common/config.js
283 silly gunzTarPerm extractEntry lib/common/config/global.js
284 silly gunzTarPerm extractEntry lib/common/config/local.js
285 silly gunzTarPerm extractEntry lib/phonegap/build.js
286 silly gunzTarPerm extractEntry lib/phonegap/local.plugin.list.js
287 silly gunzTarPerm extractEntry lib/phonegap/local.plugin.remove.js
288 silly gunzTarPerm extractEntry lib/phonegap/local.run.js
289 silly gunzTarPerm extractEntry lib/phonegap/local.plugin.add.js
290 silly gunzTarPerm extractEntry lib/phonegap/create.js
291 silly gunzTarPerm extractEntry lib/phonegap/remote.build.js
292 silly gunzTarPerm extractEntry lib/phonegap/remote.install.js
293 silly gunzTarPerm extractEntry lib/phonegap/remote.login.js
294 silly gunzTarPerm extractEntry lib/phonegap/remote.logout.js
295 silly gunzTarPerm extractEntry lib/phonegap/local.install.js
296 silly gunzTarPerm extractEntry lib/phonegap/remote.run.js
297 silly gunzTarPerm extractEntry lib/phonegap/local.build.js
298 silly gunzTarPerm extractEntry lib/phonegap/run.js
299 silly gunzTarPerm extractEntry lib/phonegap/install.js
300 silly gunzTarPerm extractEntry lib/phonegap/serve.js
301 silly gunzTarPerm extractEntry lib/phonegap/mode.js
302 silly gunzTarPerm extractEntry lib/phonegap/version.js
303 silly gunzTarPerm extractEntry lib/phonegap/platform.update.js
304 silly gunzTarPerm extractEntry lib/phonegap/util/command.js
305 silly gunzTarPerm extractEntry lib/phonegap/util/phonegap-build.js
306 silly gunzTarPerm extractEntry lib/phonegap/util/platform.js
307 silly gunzTarPerm extractEntry lib/phonegap/util/project.js
308 silly gunzTarPerm extractEntry CONTRIBUTING.md
309 silly gunzTarPerm extractEntry spec/cli.spec.js
310 silly gunzTarPerm extractEntry spec/main.spec.js
311 silly gunzTarPerm extractEntry spec/phonegap.spec.js
312 silly gunzTarPerm extractEntry spec/cli/app.spec.js
313 silly gunzTarPerm extractEntry spec/cli/local.run.spec.js
314 silly gunzTarPerm extractEntry spec/cli/local.spec.js
315 silly gunzTarPerm extractEntry spec/cli/platform.spec.js
316 silly gunzTarPerm extractEntry spec/cli/platform.update.spec.js
317 silly gunzTarPerm extractEntry spec/cli/local.plugin.spec.js
318 silly gunzTarPerm extractEntry spec/cli/plugin.list.spec.js
319 silly gunzTarPerm extractEntry spec/cli/plugin.remove.spec.js
320 silly gunzTarPerm extractEntry spec/cli/plugin.spec.js
321 silly gunzTarPerm extractEntry spec/cli/remote.build.spec.js
322 silly gunzTarPerm extractEntry spec/cli/remote.install.spec.js
323 silly gunzTarPerm extractEntry spec/cli/local.plugin.remove.spec.js
324 silly gunzTarPerm extractEntry spec/cli/remote.login.spec.js
325 silly gunzTarPerm extractEntry spec/cli/local.plugin.list.spec.js
326 silly gunzTarPerm extractEntry spec/cli/remote.logout.spec.js
327 silly gunzTarPerm extractEntry spec/cli/local.plugin.add.spec.js
328 silly gunzTarPerm extractEntry spec/cli/remote.run.spec.js
329 silly gunzTarPerm extractEntry spec/cli/local.install.spec.js
330 silly gunzTarPerm extractEntry spec/cli/remote.spec.js
331 silly gunzTarPerm extractEntry spec/cli/local.build.spec.js
332 silly gunzTarPerm extractEntry spec/cli/run.spec.js
333 silly gunzTarPerm extractEntry spec/cli/install.spec.js
334 silly gunzTarPerm extractEntry spec/cli/serve.spec.js
335 silly gunzTarPerm extractEntry spec/cli/help.spec.js
336 silly gunzTarPerm extractEntry spec/cli/unknown.spec.js
337 silly gunzTarPerm extractEntry spec/cli/create.spec.js
338 silly gunzTarPerm extractEntry spec/cli/verbose.spec.js
339 silly gunzTarPerm extractEntry spec/cli/build.spec.js
340 silly gunzTarPerm extractEntry spec/cli/version.spec.js
341 silly gunzTarPerm extractEntry spec/cli/plugin.add.spec.js
342 silly gunzTarPerm extractEntry spec/common/config/global.spec.js
343 silly gunzTarPerm extractEntry spec/common/config/local.spec.js
344 silly gunzTarPerm extractEntry spec/phonegap/app.spec.js
345 silly gunzTarPerm extractEntry spec/phonegap/local.plugin.remove.spec.js
346 silly gunzTarPerm extractEntry spec/phonegap/local.run.spec.js
347 silly gunzTarPerm extractEntry spec/phonegap/mode.spec.js
348 silly gunzTarPerm extractEntry spec/phonegap/local.plugin.list.spec.js
349 silly gunzTarPerm extractEntry spec/phonegap/build.spec.js
350 silly gunzTarPerm extractEntry spec/phonegap/plugin.list.spec.js
351 silly gunzTarPerm extractEntry spec/phonegap/plugin.remove.spec.js
352 silly gunzTarPerm extractEntry spec/phonegap/remote.build.spec.js
353 silly gunzTarPerm extractEntry spec/phonegap/remote.install.spec.js
354 silly gunzTarPerm extractEntry spec/phonegap/local.plugin.add.spec.js
355 silly gunzTarPerm extractEntry spec/phonegap/remote.login.spec.js
356 silly gunzTarPerm extractEntry spec/phonegap/local.install.spec.js
357 silly gunzTarPerm extractEntry spec/phonegap/remote.logout.spec.js
358 silly gunzTarPerm extractEntry spec/phonegap/local.build.spec.js
359 silly gunzTarPerm extractEntry spec/phonegap/remote.run.spec.js
360 silly gunzTarPerm extractEntry spec/phonegap/install.spec.js
361 silly gunzTarPerm extractEntry spec/phonegap/run.spec.js
362 silly gunzTarPerm extractEntry spec/phonegap/create.spec.js
363 silly gunzTarPerm extractEntry spec/phonegap/serve.spec.js
364 silly gunzTarPerm extractEntry spec/phonegap/platform.update.spec.js
365 silly gunzTarPerm extractEntry spec/phonegap/version.spec.js
366 silly gunzTarPerm extractEntry spec/phonegap/plugin.add.spec.js
367 silly gunzTarPerm extractEntry spec/phonegap/util/platform.spec.js
368 silly gunzTarPerm extractEntry spec/phonegap/util/project.spec.js
369 silly lockFile 748bacd7-pm-phonegap-3-3-0-0-18-1-package tar:///home/ppantz/.npm/phonegap/3.3.0-0.18.1/package
370 silly lockFile 748bacd7-pm-phonegap-3-3-0-0-18-1-package tar:///home/ppantz/.npm/phonegap/3.3.0-0.18.1/package
371 silly lockFile 09faf3f1-honegap-3-3-0-0-18-1-package-tgz tar:///home/ppantz/.npm/phonegap/3.3.0-0.18.1/package.tgz
372 silly lockFile 09faf3f1-honegap-3-3-0-0-18-1-package-tgz tar:///home/ppantz/.npm/phonegap/3.3.0-0.18.1/package.tgz
373 verbose chmod /home/ppantz/.npm/phonegap/3.3.0-0.18.1/package.tgz 644
374 verbose chown /home/ppantz/.npm/phonegap/3.3.0-0.18.1/package.tgz [ 1000, 1000 ]
375 silly lockFile adc17e3e-onegap-phonegap-3-3-0-0-18-1-tgz https://registry.npmjs.org/phonegap/-/phonegap-3.3.0-0.18.1.tgz
376 silly lockFile adc17e3e-onegap-phonegap-3-3-0-0-18-1-tgz https://registry.npmjs.org/phonegap/-/phonegap-3.3.0-0.18.1.tgz
377 silly lockFile 7b908eb2-phonegap-3-3-0-0-18-1 phonegap@3.3.0-0.18.1
378 silly lockFile 7b908eb2-phonegap-3-3-0-0-18-1 phonegap@3.3.0-0.18.1
379 silly lockFile 3a6257f3-phonegap phonegap@
380 silly lockFile 3a6257f3-phonegap phonegap@
381 silly resolved [ { name: 'phonegap',
381 silly resolved     description: 'PhoneGap command-line interface and node.js library.',
381 silly resolved     version: '3.3.0-0.18.1',
381 silly resolved     homepage: 'http://github.com/phonegap/phonegap-cli',
381 silly resolved     repository:
381 silly resolved      { type: 'git',
381 silly resolved        url: 'git://github.com/phonegap/phonegap-cli.git' },
381 silly resolved     keywords:
381 silly resolved      [ 'cli',
381 silly resolved        'cordova',
381 silly resolved        'phonegap',
381 silly resolved        'phonegap build',
381 silly resolved        'phonegap/build' ],
381 silly resolved     preferGlobal: 'true',
381 silly resolved     main: './lib/main.js',
381 silly resolved     bin: { phonegap: './bin/phonegap.js' },
381 silly resolved     scripts: { test: 'jasmine-node --color spec' },
381 silly resolved     engineStrict: 'true',
381 silly resolved     engines: { node: '>=0.10.0' },
381 silly resolved     dependencies:
381 silly resolved      { colors: '0.6.0-1',
381 silly resolved        cordova: '3.3.0-0.1.1',
381 silly resolved        'phonegap-soundwave': '0.4.0',
381 silly resolved        optimist: '0.6.0',
381 silly resolved        'phonegap-build': '0.8.4',
381 silly resolved        pluralize: '0.0.4',
381 silly resolved        prompt: '0.2.11',
381 silly resolved        'qrcode-terminal': '0.9.4',
381 silly resolved        semver: '1.1.0',
381 silly resolved        shelljs: '0.1.4' },
381 silly resolved     devDependencies: { 'jasmine-node': '1.8.0', chdir: '0.0.x' },
381 silly resolved     optionalDependencies: {},
381 silly resolved     contributors: [ [Object], [Object], [Object], [Object] ],
381 silly resolved     readme: '# PhoneGap CLI [![Build Status][travis-ci-img]][travis-ci-url]\n\n> PhoneGap command-line interface and Node.js library.\n\n\n## Command-line\n\n### Requirements\n\n- [Install node.js](http://nodejs.org/) version `>=0.10.x`\n- [Install ios-sim](https://github.com/phonegap/ios-sim#installation) to deploy apps to the iOS simulator.\n\n### Install\n\n    $ npm install -g phonegap\n\n### Getting Started\n\n    $ phonegap create my-app    # create a PhoneGap project\n    $ cd my-app                 # change to project directory\n    $ phonegap run ios          # build and install the app to iOS\n\n### Usage\n\n    Usage: phonegap [options] [commands]\n\n    Description:\n\n      PhoneGap command-line tool.\n\n    Commands:\n\n      create <path>        create a phonegap project\n      build <platform>     build a specific platform\n      install <platform>   install a specific platform\n      run <platform>       build and install a specific platform\n      local [command]      development on local system\n      remote [command]     development in cloud with phonegap/build\n      platform [command]   update a platform version\n      help [command]       output usage information\n      version              output version number\n\n    Options:\n\n      -V, --verbose        allow verbose output\n      -v, --version        output version number\n      -h, --help           output usage information\n\n    Platforms:\n\n      keyword            | local environment | remote environment\n      -------------------|-------------------|-------------------\n      android            | ✔                 | ✔\n      blackberry         | ✔ (BlackBerry 10) | ✔ (BlackBerry 6)\n      ios                | ✔                 | ✔\n      symbian            | ✖                 | ✔\n      webos              | ✖                 | ✔\n      wp7                | ✔                 | ✔\n      wp8                | ✔                 | ✖\n\n    Examples:\n\n      $ phonegap help create\n      $ phonegap help remote build\n      $ phonegap create path/to/my-app\n      $ phonegap remote build android\n\n#### Local Usage\n\n    Usage: phonegap local [command]\n\n    Description:\n\n      Executes the command on the local system.\n\n      This requires that platform SDK is correctly installed.\n\n    Commands:\n\n      build <platform>     build a specific platform\n      install <platform>   install a specific platform\n      run <platform>       build and install a specific platform\n      plugin <command>     add, remove, and list plugins\n\n    Examples:\n\n      $ phonegap local build android\n      $ phonegap local run android\n      $ phonegap local plugin list\n\n#### Remote Usage\n\n    Usage: phonegap remote [command]\n\n    Description:\n\n      Executes the command remotely using the cloud-based PhoneGap/Build service.\n\n    Commands:\n\n      login                login to PhoneGap/Build\n      logout               logout of PhoneGap/Build\n      build <platform>     build a specific platform\n      install <platform>   install a specific platform\n      run <platform>       build and install a specific platform\n\n    Examples:\n\n      $ phonegap remote login\n      $ phonegap remote build android\n      $ phonegap remote run android\n\n## Node Library\n\n### Usage\n\n    var phonegap = require(\'phonegap\');\n\n## FAQ\n\n### phonegap: command not found\n\n#### Problem\n\nThe PhoneGap CLI installs successfully but you do not have a command `phonegap`.\n\n#### Reason\n\nDepending on how `node` and `npm` were installed, your globally installed npm\nmodules may not be in your `PATH`.\n\n#### Solution\n\nAt the bottom of your `npm install -g phonegap` installation log, you will see the following:\n\n    ...\n    /usr/local/share/npm/bin/phonegap -> /usr/local/share/npm/lib/node_modules/phonegap/bin/phonegap.js\n    ...\n\n_(Your path may be slightly different)_\n\nOpen `~/.profile` or `~/.bashrc`, depending on what exists on your system, and add following line:\n\n    export PATH=$PATH:/usr/local/share/npm/bin\n\nOpen a new terminal tab or type the following command:\n\n    $ source ~/.profile\n    or\n    $ source ~/.bashrc\n\nThe command `phonegap` should now be available to you.\n\n### The provided path is not an Android project\n\n#### Problem\n\nYou receive the following error message when building an Android project:\n\n    throw new Error(\'The provided path "\' + project + \'" is not an Android\n\n#### Reason\n\nThe first time that you build for a platform, the framework is downloaded from Apache Cordova.\n\nThe framework is stored locally in your home directory, such as `~/.cordova/lib`.\n\nSometimes the framework is corrupted during the download. It can exist for two\nknow reasons:\n\n1. Your Android SDK environment is not properly configured.\n1. Unknown issue related to Apache\'s servers or the untar operation.\n\n#### Solution\n\nFirst, you must properly configure your Android environment by following\nthe [platform setup guide](http://docs.phonegap.com/en/3.0.0/guide_platforms_android_index.md.html).\n\nNext, you must delete the cached Cordova Android framework (`x.x.x` is your version):\n\n    ~/.cordova/lib/android/cordova/x.x.x\n\nNext, you can try to rebuild the project. Enabling verbose mode is sometimes helpful:\n\n    $ phonegap build android --verbose\n\n## Upgrading Cordova\n\nThere are a few steps that should be taken when upgrading to a new version of the\n[cordova-cli](http://github.com/apache/cordova-cli).\n\n1. Update the `package.json` dependencies version for `cordova`.\n\n        {\n          "dependencies": {\n            "cordova": "3.1.0"\n          }\n        }\n\n1. Update the `package.json` version.\n\n        {\n          "version": "3.1.0-0.15.0"\n        }\n\n1. Run the tests.\n\n        $ npm test\n\n1. Commit stating the version increment.\n\n        $ git commit -am "Version 3.1.0-0.15.0"\n\n1. Tag the version commit.\n\n        $ git tag 3.1.0-0.15.0\n\n1. Update the [PhoneGap Hello World App](https://github.com/phonegap/phonegap-app-hello-world) to match the new version.\n  - See [Update instructions](https://github.com/phonegap/phonegap-app-hello-world#updating-the-application).\n  - In the above example, we would update the app to `3.1.0`.\n1. Manually test that the latest Hello World app is lazy-loaded.\n\n        # Link the phonegap-cli for easier development (only need to do once).\n\n        $ cd phonegap-cli/\n        $ [sudo] npm link .\n\n        # Manually test and verify hello world app is lazy-loaded.\n\n        $ phonegap create my-app\n        [phonegap] missing library phonegap/www/3.1.0\n        [phonegap] downloading https://github.com/phonegap/phonegap-app-hello-world/archive/3.1.0.tar.gz...\n        [phonegap] created project at /Users/mwbrooks/Development/sandbox/my-app\n\n        $ cd my-app/\n        $ phonegap run ios\n\n1. Push the git commit after the Hello World has been updated.\n\n        $ git push phonegap master\n\n1. Publish the npm release.\n\n        $ npm publish\n\n[travis-ci-img]: https://travis-ci.org/phonegap/phonegap-cli.png?branch=master\n[travis-ci-url]: http://travis-ci.org/phonegap/phonegap-cli\n\n',
381 silly resolved     readmeFilename: 'README.md',
381 silly resolved     bugs: { url: 'https://github.com/phonegap/phonegap-cli/issues' },
381 silly resolved     _id: 'phonegap@3.3.0-0.18.1',
381 silly resolved     dist: { shasum: '78e172aa3c142ac985b701ea8f6ee5769501882e' },
381 silly resolved     _from: 'phonegap@',
381 silly resolved     _resolved: 'https://registry.npmjs.org/phonegap/-/phonegap-3.3.0-0.18.1.tgz' } ]
382 info install phonegap@3.3.0-0.18.1 into /usr/lib
383 info installOne phonegap@3.3.0-0.18.1
384 info /usr/lib/node_modules/phonegap unbuild
385 info preuninstall phonegap@3.3.0-0.18.0
386 info uninstall phonegap@3.3.0-0.18.0
387 verbose true,/usr/lib/node_modules,/usr/lib/node_modules unbuild phonegap@3.3.0-0.18.0
388 verbose /usr/bin,[object Object] binRoot
389 info /usr/lib/node_modules/phonegap unbuild
390 info preuninstall phonegap@3.3.0-0.18.0
391 info uninstall phonegap@3.3.0-0.18.0
392 verbose true,/usr/lib/node_modules,/usr/lib/node_modules unbuild phonegap@3.3.0-0.18.0
393 verbose /usr/bin,[object Object] binRoot
394 error error rolling back Error: EACCES, unlink '/usr/bin/phonegap'
394 error error rolling back  phonegap@3.3.0-0.18.1 { [Error: EACCES, unlink '/usr/bin/phonegap'] errno: 3, code: 'EACCES', path: '/usr/bin/phonegap' }
395 error Error: EACCES, unlink '/usr/bin/phonegap'
395 error  { [Error: EACCES, unlink '/usr/bin/phonegap'] errno: 3, code: 'EACCES', path: '/usr/bin/phonegap' }
396 error Please try running this command again as root/Administrator.
397 error System Linux 3.11.0-15-generic
398 error command "/usr/bin/node" "/usr/bin/npm" "install" "-g" "phonegap"
399 error cwd /home/ppantz/workspace/wedding
400 error node -v v0.10.19
401 error npm -v 1.3.11
402 error path /usr/bin/phonegap
403 error code EACCES
404 error errno 3
405 error stack Error: EACCES, unlink '/usr/bin/phonegap'
406 verbose exit [ 3, true ]
